<?xml version="1.0" encoding="UTF-8"?>
<testng-results skipped="0" failed="0" ignored="0" total="1" passed="1">
  <reporter-output>
  </reporter-output>
  <suite name="Surefire suite" duration-ms="6334" started-at="2017-08-17T01:30:26Z" finished-at="2017-08-17T01:30:32Z">
    <groups>
    </groups>
    <test name="Surefire test" duration-ms="6334" started-at="2017-08-17T01:30:26Z" finished-at="2017-08-17T01:30:32Z">
      <class name="com.mybatis.MybatisBuildApplicationTests">
        <test-method status="PASS" signature="contextLoads()" name="contextLoads" duration-ms="5911" started-at="2017-08-17T09:30:27Z" finished-at="2017-08-17T09:30:32Z">
          <reporter-output>
          </reporter-output>
        </test-method> <!-- contextLoads -->
      </class> <!-- com.mybatis.MybatisBuildApplicationTests -->
    </test> <!-- Surefire test -->
  </suite> <!-- Surefire suite -->
</testng-results>
